1483916444452	geckodriver	INFO	Listening on 127.0.0.1:17140
1483916446452	mozprofile::profile	INFO	Using profile path C:\Users\blinov\AppData\Local\Temp\rust_mozprofile.gqDfNyXbzJaF
1483916446452	geckodriver::marionette	INFO	Starting browser C:\Program Files (x86)\Mozilla Firefox\firefox.exe
1483916446492	geckodriver::marionette	INFO	Connecting to Marionette on localhost:17146
1483916448786	Marionette	INFO	Listening on port 17146
1483916451674	Marionette	INFO	startBrowser 30f436a2-74ef-4fe9-9abc-e29e9acdb821
[Child 4780] ###!!! ABORT: Aborting on channel error.: file c:/builds/moz2_slave/m-rel-w32-00000000000000000000/build/src/ipc/glue/MessageChannel.cpp, line 2052
1483925810480	geckodriver	INFO	Listening on 127.0.0.1:17441
1483925812230	mozprofile::profile	INFO	Using profile path C:\Users\blinov\AppData\Local\Temp\rust_mozprofile.DcRthBQYfwxw
1483925812230	geckodriver::marionette	INFO	Starting browser C:\Program Files (x86)\Mozilla Firefox\firefox.exe
1483925812240	geckodriver::marionette	INFO	Connecting to Marionette on localhost:17447
1483925814387	Marionette	INFO	Listening on port 17447
1483925816779	Marionette	INFO	startBrowser c4950cce-b91b-4b58-a2d1-bfa5f7c8bfec
[Child 1108] ###!!! ABORT: Aborting on channel error.: file c:/builds/moz2_slave/m-rel-w32-00000000000000000000/build/src/ipc/glue/MessageChannel.cpp, line 2052
1483926484762	geckodriver	INFO	Listening on 127.0.0.1:17477
1483926486722	mozprofile::profile	INFO	Using profile path C:\Users\blinov\AppData\Local\Temp\rust_mozprofile.S90qArPiriP4
1483926486732	geckodriver::marionette	INFO	Starting browser C:\Program Files (x86)\Mozilla Firefox\firefox.exe
1483926486732	geckodriver::marionette	INFO	Connecting to Marionette on localhost:17483
1483926487771	Marionette	INFO	Listening on port 17483
1483926490369	Marionette	INFO	startBrowser 05f1178c-58de-4b78-9b33-e12084c2cfbe
[Child 3352] ###!!! ABORT: Aborting on channel error.: file c:/builds/moz2_slave/m-rel-w32-00000000000000000000/build/src/ipc/glue/MessageChannel.cpp, line 2052
1492643377389	geckodriver	INFO	Listening on 127.0.0.1:3203
1492643379322	mozprofile::profile	INFO	Using profile path C:\Users\blinov\AppData\Local\Temp\rust_mozprofile.h0yZTYenx5bu
1492643379328	geckodriver::marionette	INFO	Starting browser C:\Program Files (x86)\Mozilla Firefox\firefox.exe
1492643379342	geckodriver::marionette	INFO	Connecting to Marionette on localhost:3209
1492643382044	Marionette	INFO	Listening on port 3209
1492643387121	Marionette	WARN	Using deprecated data structure for setting timeouts
1492643388442	Marionette	INFO	New connections will no longer be accepted
[Child 9600] ###!!! ABORT: Aborting on channel error.: file c:/builds/moz2_slave/m-rel-w32-00000000000000000000/build/src/ipc/glue/MessageChannel.cpp, line 2143
1492643431604	geckodriver	INFO	Listening on 127.0.0.1:3283
1492643433446	mozprofile::profile	INFO	Using profile path C:\Users\blinov\AppData\Local\Temp\rust_mozprofile.vzjHEYTTrcYm
1492643433451	geckodriver::marionette	INFO	Starting browser C:\Program Files (x86)\Mozilla Firefox\firefox.exe
1492643433463	geckodriver::marionette	INFO	Connecting to Marionette on localhost:3289
1492643435203	Marionette	INFO	Listening on port 3289
1492643438755	Marionette	WARN	Using deprecated data structure for setting timeouts
1492643439459	Marionette	INFO	New connections will no longer be accepted
[Child 9528] ###!!! ABORT: Aborting on channel error.: file c:/builds/moz2_slave/m-rel-w32-00000000000000000000/build/src/ipc/glue/MessageChannel.cpp, line 2143
1492643484816	geckodriver	INFO	Listening on 127.0.0.1:3323
1492643486764	mozprofile::profile	INFO	Using profile path C:\Users\blinov\AppData\Local\Temp\rust_mozprofile.0RSmuNMhmQXH
1492643486767	geckodriver::marionette	INFO	Starting browser C:\Program Files (x86)\Mozilla Firefox\firefox.exe
1492643486775	geckodriver::marionette	INFO	Connecting to Marionette on localhost:3329
1492643488354	Marionette	INFO	Listening on port 3329
1492643492183	Marionette	WARN	Using deprecated data structure for setting timeouts
1492643492894	Marionette	INFO	New connections will no longer be accepted
[Child 9800] ###!!! ABORT: Aborting on channel error.: file c:/builds/moz2_slave/m-rel-w32-00000000000000000000/build/src/ipc/glue/MessageChannel.cpp, line 2143
1492643578263	geckodriver	INFO	Listening on 127.0.0.1:3373
1492643580247	mozprofile::profile	INFO	Using profile path C:\Users\blinov\AppData\Local\Temp\rust_mozprofile.4dbrlJAfzFwu
1492643580252	geckodriver::marionette	INFO	Starting browser C:\Program Files (x86)\Mozilla Firefox\firefox.exe
1492643580264	geckodriver::marionette	INFO	Connecting to Marionette on localhost:3379
1492643581927	Marionette	INFO	Listening on port 3379
1492643586266	Marionette	WARN	Using deprecated data structure for setting timeouts
1492643587974	Marionette	INFO	New connections will no longer be accepted
[Child 9256] ###!!! ABORT: Aborting on channel error.: file c:/builds/moz2_slave/m-rel-w32-00000000000000000000/build/src/ipc/glue/MessageChannel.cpp, line 2143
1492643613078	geckodriver	INFO	Listening on 127.0.0.1:3405
1492643615021	mozprofile::profile	INFO	Using profile path C:\Users\blinov\AppData\Local\Temp\rust_mozprofile.TJJCI7Fzuflq
1492643615026	geckodriver::marionette	INFO	Starting browser C:\Program Files (x86)\Mozilla Firefox\firefox.exe
1492643615039	geckodriver::marionette	INFO	Connecting to Marionette on localhost:3411
1492643616648	Marionette	INFO	Listening on port 3411
1492643619860	Marionette	WARN	Using deprecated data structure for setting timeouts
1492643620480	Marionette	INFO	New connections will no longer be accepted
[Child 9504] ###!!! ABORT: Aborting on channel error.: file c:/builds/moz2_slave/m-rel-w32-00000000000000000000/build/src/ipc/glue/MessageChannel.cpp, line 2143
1492643681779	geckodriver	INFO	Listening on 127.0.0.1:3433
1492643683666	mozprofile::profile	INFO	Using profile path C:\Users\blinov\AppData\Local\Temp\rust_mozprofile.zkk8dSFzETyn
1492643683671	geckodriver::marionette	INFO	Starting browser C:\Program Files (x86)\Mozilla Firefox\firefox.exe
1492643683684	geckodriver::marionette	INFO	Connecting to Marionette on localhost:3441
1492643685266	Marionette	INFO	Listening on port 3441
1492643688292	Marionette	WARN	Using deprecated data structure for setting timeouts
1492643688962	Marionette	INFO	New connections will no longer be accepted
[Child 9352] ###!!! ABORT: Aborting on channel error.: file c:/builds/moz2_slave/m-rel-w32-00000000000000000000/build/src/ipc/glue/MessageChannel.cpp, line 2143
1493029623117	geckodriver	INFO	Listening on 127.0.0.1:30824
1493029624962	mozprofile::profile	INFO	Using profile path C:\Users\blinov\AppData\Local\Temp\rust_mozprofile.TiL9bzzzUrsM
1493029624965	geckodriver::marionette	INFO	Starting browser C:\Program Files (x86)\Mozilla Firefox\firefox.exe
1493029624973	geckodriver::marionette	INFO	Connecting to Marionette on localhost:30830
1493029655230	geckodriver::marionette	ERROR	Failed to kill browser process
1493029670741	geckodriver	INFO	Listening on 127.0.0.1:30882
1493029672704	mozprofile::profile	INFO	Using profile path C:\Users\blinov\AppData\Local\Temp\rust_mozprofile.dKfHzMdS07t1
1493029672708	geckodriver::marionette	INFO	Starting browser C:\Program Files (x86)\Mozilla Firefox\firefox.exe
1493029672717	geckodriver::marionette	INFO	Connecting to Marionette on localhost:30888
1493029678372	Marionette	INFO	Listening on port 30888
1493029678556	Marionette	WARN	Using deprecated data structure for setting timeouts
1493029678822	Marionette	INFO	New connections will no longer be accepted
1493030003345	geckodriver	INFO	Listening on 127.0.0.1:31013
1493030005287	mozprofile::profile	INFO	Using profile path C:\Users\blinov\AppData\Local\Temp\rust_mozprofile.arMtOeIo5JUD
1493030005290	geckodriver::marionette	INFO	Starting browser C:\Program Files (x86)\Mozilla Firefox\firefox.exe
1493030005301	geckodriver::marionette	INFO	Connecting to Marionette on localhost:31019
1493030012228	Marionette	INFO	Listening on port 31019
1493030013039	Marionette	WARN	Using deprecated data structure for setting timeouts
1493030013315	Marionette	INFO	New connections will no longer be accepted
1493030195864	geckodriver	INFO	Listening on 127.0.0.1:31121
1493030197882	geckodriver::marionette	INFO	Starting browser \\?\C:\Program Files (x86)\Mozilla Firefox\firefox.exe with args ["-marionette"]
1493030199400	addons.manager	ERROR	startup failed: [Exception... "Component returned failure code: 0x80070057 (NS_ERROR_ILLEGAL_VALUE) [nsIFile.create]"  nsresult: "0x80070057 (NS_ERROR_ILLEGAL_VALUE)"  location: "JS frame :: resource://gre/modules/FileUtils.jsm :: FileUtils_getDir :: line 70"  data: no] Stack trace: FileUtils_getDir()@resource://gre/modules/FileUtils.jsm:70 < FileUtils_getFile()@resource://gre/modules/FileUtils.jsm:42 < validateBlocklist()@resource://gre/modules/AddonManager.jsm:671 < startup()@resource://gre/modules/AddonManager.jsm:834 < startup()@resource://gre/modules/AddonManager.jsm:3129 < observe()@resource://gre/components/addonManager.js:65
JavaScript error: resource://gre/modules/AddonManager.jsm, line 1657: NS_ERROR_NOT_INITIALIZED: AddonManager is not initialized
1493030202641	Marionette	INFO	Listening on port 31127
JavaScript error: resource://gre/modules/AddonManager.jsm, line 2570: NS_ERROR_NOT_INITIALIZED: AddonManager is not initialized
JavaScript error: resource://app/modules/WindowsJumpLists.jsm, line 403: NS_ERROR_FILE_NOT_FOUND: Component returned failure code: 0x80520012 (NS_ERROR_FILE_NOT_FOUND) [nsIJumpListShortcut.app]
tte"]
1493030268967	addons.manager	ERROR	startup failed: [Exception... "Component returned failure code: 0x80070057 (NS_ERROR_ILLEGAL_VALUE) [nsIFile.create]"  nsresult: "0x80070057 (NS_ERROR_ILLEGAL_VALUE)"  location: "JS frame :: resource://gre/modules/FileUtils.jsm :: FileUtils_getDir :: line 70"  data: no] Stack trace: FileUtils_getDir()@resource://gre/modules/FileUtils.jsm:70 < FileUtils_getFile()@resource://gre/modules/FileUtils.jsm:42 < validateBlocklist()@resource://gre/modules/AddonManager.jsm:671 < startup()@resource://gre/modules/AddonManager.jsm:834 < startup()@resource://gre/modules/AddonManager.jsm:3129 < observe()@resource://gre/components/addonManager.js:65
JavaScript error: resource://gre/modules/AddonManager.jsm, line 1657: NS_ERROR_NOT_INITIALIZED: AddonManager is not initialized
1493030272318	Marionette	INFO	Listening on port 31192
JavaScript error: resource://gre/modules/AddonManager.jsm, line 2570: NS_ERROR_NOT_INITIALIZED: AddonManager is not initialized
JavaScript error: resource://app/modules/WindowsJumpLists.jsm, line 403: NS_ERROR_FILE_NOT_FOUND: Component returned failure code: 0x80520012 (NS_ERROR_FILE_NOT_FOUND) [nsIJumpListShortcut.app]
1493030333701	geckodriver	INFO	Listening on 127.0.0.1:31218
1493030335781	geckodriver::marionette	INFO	Starting browser \\?\C:\Program Files (x86)\Mozilla Firefox\firefox.exe with args ["-marionette"]
1493030337987	addons.manager	ERROR	startup failed: [Exception... "Component returned failure code: 0x80070057 (NS_ERROR_ILLEGAL_VALUE) [nsIFile.create]"  nsresult: "0x80070057 (NS_ERROR_ILLEGAL_VALUE)"  location: "JS frame :: resource://gre/modules/FileUtils.jsm :: FileUtils_getDir :: line 70"  data: no] Stack trace: FileUtils_getDir()@resource://gre/modules/FileUtils.jsm:70 < FileUtils_getFile()@resource://gre/modules/FileUtils.jsm:42 < validateBlocklist()@resource://gre/modules/AddonManager.jsm:671 < startup()@resource://gre/modules/AddonManager.jsm:834 < startup()@resource://gre/modules/AddonManager.jsm:3129 < observe()@resource://gre/components/addonManager.js:65
JavaScript error: resource://gre/modules/AddonManager.jsm, line 1657: NS_ERROR_NOT_INITIALIZED: AddonManager is not initialized
1493030341173	Marionette	INFO	Listening on port 31224
JavaScript error: resource://gre/modules/AddonManager.jsm, line 2570: NS_ERROR_NOT_INITIALIZED: AddonManager is not initialized
JavaScript error: resource://app/modules/WindowsJumpLists.jsm, line 403: NS_ERROR_FILE_NOT_FOUND: Component returned failure code: 0x80520012 (NS_ERROR_FILE_NOT_FOUND) [nsIJumpListShortcut.app]
1493030469959	geckodriver	INFO	Listening on 127.0.0.1:31263
1493030471925	mozprofile::profile	INFO	Using profile path C:\Users\blinov\AppData\Local\Temp\rust_mozprofile.3ReKKRNRkq7V
1493030471928	geckodriver::marionette	INFO	Starting browser C:\Program Files (x86)\Mozilla Firefox\firefox.exe with args []
1493030471934	geckodriver::marionette	INFO	Connecting to Marionette on localhost:31269
1493030476790	Marionette	INFO	Listening on port 31269
[Child 12044] WARNING: pipe error: 109: file c:/builds/moz2_slave/m-rel-w32-00000000000000000000/build/src/ipc/chromium/src/chrome/common/ipc_channel_win.cc, line 346
1493030502787	geckodriver	INFO	Listening on 127.0.0.1:31293
1493030504852	mozprofile::profile	INFO	Using profile path C:\Users\blinov\AppData\Local\Temp\rust_mozprofile.8QHO000u6AOZ
1493030504855	geckodriver::marionette	INFO	Starting browser C:\Program Files (x86)\Mozilla Firefox\firefox.exe with args []
1493030504864	geckodriver::marionette	INFO	Connecting to Marionette on localhost:31299
1493030510433	Marionette	INFO	Listening on port 31299
[Child 11160] WARNING: pipe error: 109: file c:/builds/moz2_slave/m-rel-w32-00000000000000000000/build/src/ipc/chromium/src/chrome/common/ipc_channel_win.cc, line 346
[Child 11160] WARNING: pipe error: 109: file c:/builds/moz2_slave/m-rel-w32-00000000000000000000/build/src/ipc/chromium/src/chrome/common/ipc_channel_win.cc, line 346
Connecting to Marionette on localhost:31335
1493030579801	Marionette	INFO	Listening on port 31335
1493030580515	Marionette	WARN	Using deprecated data structure for setting timeouts
1493030580773	Marionette	INFO	New connections will no longer be accepted
1493030609094	geckodriver	INFO	Listening on 127.0.0.1:31365
1493030611125	mozprofile::profile	INFO	Using profile path C:\Users\blinov\AppData\Local\Temp\rust_mozprofile.IVA5PUj8WxP3
1493030611128	geckodriver::marionette	INFO	Starting browser C:\Program Files (x86)\Mozilla Firefox\firefox.exe
1493030611139	geckodriver::marionette	INFO	Connecting to Marionette on localhost:31371
1493030616686	Marionette	INFO	Listening on port 31371
1493030617211	Marionette	WARN	Using deprecated data structure for setting timeouts
1493030617533	Marionette	INFO	New connections will no longer be accepted
1493030632683	geckodriver	INFO	Listening on 127.0.0.1:31396
1493030634693	mozprofile::profile	INFO	Using profile path C:\Users\blinov\AppData\Local\Temp\rust_mozprofile.N2asQyF1gmq2
1493030634696	geckodriver::marionette	INFO	Starting browser C:\Program Files (x86)\Mozilla Firefox\firefox.exe
1493030634705	geckodriver::marionette	INFO	Connecting to Marionette on localhost:31404
1493030642157	Marionette	INFO	Listening on port 31404
1493030642309	Marionette	WARN	Using deprecated data structure for setting timeouts
1493030642567	Marionette	INFO	New connections will no longer be accepted
1493030708367	geckodriver	INFO	Listening on 127.0.0.1:31461
1493030710398	mozprofile::profile	INFO	Using profile path C:\Users\blinov\AppData\Local\Temp\rust_mozprofile.TsAxS7RIpQ2p
1493030710401	geckodriver::marionette	INFO	Starting browser C:\Program Files (x86)\Mozilla Firefox\firefox.exe
1493030710413	geckodriver::marionette	INFO	Connecting to Marionette on localhost:31467
1493030715384	Marionette	INFO	Listening on port 31467
1493030715879	Marionette	WARN	Using deprecated data structure for setting timeouts
1493030716104	Marionette	INFO	New connections will no longer be accepted
1493030744300	geckodriver	INFO	Listening on 127.0.0.1:31492
1493030746256	mozprofile::profile	INFO	Using profile path C:\Users\blinov\AppData\Local\Temp\rust_mozprofile.IH4Jdfdexndx
1493030746259	geckodriver::marionette	INFO	Starting browser C:\Program Files (x86)\Mozilla Firefox\firefox.exe
1493030746269	geckodriver::marionette	INFO	Connecting to Marionette on localhost:31498
1493030752054	Marionette	INFO	Listening on port 31498
1493030752293	Marionette	WARN	Using deprecated data structure for setting timeouts
1493030752577	Marionette	INFO	New connections will no longer be accepted
1493030825014	geckodriver	INFO	Listening on 127.0.0.1:31527
1493030827034	mozprofile::profile	INFO	Using profile path C:\Users\blinov\AppData\Local\Temp\rust_mozprofile.vqaQQfyZvGLG
1493030827037	geckodriver::marionette	INFO	Starting browser C:\Program Files (x86)\Mozilla Firefox\firefox.exe
1493030827047	geckodriver::marionette	INFO	Connecting to Marionette on localhost:31533
1493030832637	Marionette	INFO	Listening on port 31533
1493030832949	Marionette	WARN	Using deprecated data structure for setting timeouts
1493030833191	Marionette	INFO	New connections will no longer be accepted
1493030860160	geckodriver	INFO	Listening on 127.0.0.1:31557
1493030862204	mozprofile::profile	INFO	Using profile path C:\Users\blinov\AppData\Local\Temp\rust_mozprofile.65pJaB6Nw5VT
1493030862207	geckodriver::marionette	INFO	Starting browser C:\Program Files (x86)\Mozilla Firefox\firefox.exe
1493030862218	geckodriver::marionette	INFO	Connecting to Marionette on localhost:31563
1493030867265	Marionette	INFO	Listening on port 31563
1493030867817	Marionette	WARN	Using deprecated data structure for setting timeouts
1493030868070	Marionette	INFO	New connections will no longer be accepted
1493032349445	geckodriver	INFO	Listening on 127.0.0.1:31740
1493032351523	mozprofile::profile	INFO	Using profile path C:\Users\blinov\AppData\Local\Temp\rust_mozprofile.6Q9RHkjNwXU1
1493032351526	geckodriver::marionette	INFO	Starting browser C:\Program Files (x86)\Mozilla Firefox\firefox.exe
1493032351536	geckodriver::marionette	INFO	Connecting to Marionette on localhost:31746
1493032358860	Marionette	INFO	Listening on port 31746
1493032359178	Marionette	WARN	Using deprecated data structure for setting timeouts
1493032359490	Marionette	INFO	New connections will no longer be accepted
1493104843692	geckodriver	INFO	Listening on 127.0.0.1:38723
1493104845758	mozprofile::profile	INFO	Using profile path C:\Users\blinov\AppData\Local\Temp\rust_mozprofile.zWl0j1d7Whyf
1493104845762	geckodriver::marionette	INFO	Starting browser C:\Program Files (x86)\Mozilla Firefox\firefox.exe
1493104845772	geckodriver::marionette	INFO	Connecting to Marionette on localhost:38729
1493104851077	Marionette	INFO	Listening on port 38729
1493104851777	Marionette	WARN	Using deprecated data structure for setting timeouts
[Child 10592] WARNING: pipe error: 109: file c:/builds/moz2_slave/m-rel-w32-00000000000000000000/build/src/ipc/chromium/src/chrome/common/ipc_channel_win.cc, line 346
[Child 10592] WARNING: pipe error: 109: file c:/builds/moz2_slave/m-rel-w32-00000000000000000000/build/src/ipc/chromium/src/chrome/common/ipc_channel_win.cc, line 346
Connecting to Marionette on localhost:38768
1493104882031	Marionette	INFO	Listening on port 38768
1493104883118	Marionette	WARN	Using deprecated data structure for setting timeouts
[Child 4540] WARNING: pipe error: 109: file c:/builds/moz2_slave/m-rel-w32-00000000000000000000/build/src/ipc/chromium/src/chrome/common/ipc_channel_win.cc, line 346
[Child 4540] WARNING: pipe error: 109: file c:/builds/moz2_slave/m-rel-w32-00000000000000000000/build/src/ipc/chromium/src/chrome/common/ipc_channel_win.cc, line 346
1493104906326	geckodriver	INFO	Listening on 127.0.0.1:38797
1493104908356	mozprofile::profile	INFO	Using profile path C:\Users\blinov\AppData\Local\Temp\rust_mozprofile.JnA6ZDQVRg9F
1493104908360	geckodriver::marionette	INFO	Starting browser C:\Program Files (x86)\Mozilla Firefox\firefox.exe
1493104908370	geckodriver::marionette	INFO	Connecting to Marionette on localhost:38803
1493104913637	Marionette	INFO	Listening on port 38803
1493104913963	Marionette	WARN	Using deprecated data structure for setting timeouts
[Child 10372] WARNING: pipe error: 109: file c:/builds/moz2_slave/m-rel-w32-00000000000000000000/build/src/ipc/chromium/src/chrome/common/ipc_channel_win.cc, line 346
[Child 10372] WARNING: pipe error: 109: file c:/builds/moz2_slave/m-rel-w32-00000000000000000000/build/src/ipc/chromium/src/chrome/common/ipc_channel_win.cc, line 346
1493104954731	geckodriver	INFO	Listening on 127.0.0.1:38838
1493104956784	mozprofile::profile	INFO	Using profile path C:\Users\blinov\AppData\Local\Temp\rust_mozprofile.78ynftG2Oys4
1493104956788	geckodriver::marionette	INFO	Starting browser C:\Program Files (x86)\Mozilla Firefox\firefox.exe
1493104956798	geckodriver::marionette	INFO	Connecting to Marionette on localhost:38844
1493104962030	Marionette	INFO	Listening on port 38844
1493104962580	Marionette	WARN	Using deprecated data structure for setting timeouts
[Child 10796] WARNING: pipe error: 109: file c:/builds/moz2_slave/m-rel-w32-00000000000000000000/build/src/ipc/chromium/src/chrome/common/ipc_channel_win.cc, line 346
1493105172758	geckodriver	INFO	Listening on 127.0.0.1:38888
1493105174804	mozprofile::profile	INFO	Using profile path C:\Users\blinov\AppData\Local\Temp\rust_mozprofile.o2pvyKqqqHch
1493105174807	geckodriver::marionette	INFO	Starting browser C:\Program Files (x86)\Mozilla Firefox\firefox.exe
1493105174817	geckodriver::marionette	INFO	Connecting to Marionette on localhost:38894
1493105179964	Marionette	INFO	Listening on port 38894
1493105180404	Marionette	WARN	Using deprecated data structure for setting timeouts
*************************
A coding exception was thrown and uncaught in a Task.

Full message: TypeError: can't access dead object
Full stack: find_@chrome://marionette/content/element.js:290:7
element.find/</findElements<@chrome://marionette/content/element.js:256:17
evalFn@chrome://marionette/content/wait.js:70:7

*************************
*************************
A coding exception was thrown and uncaught in a Task.

Full message: TypeError: can't access dead object
Full stack: find_@chrome://marionette/content/element.js:290:7
element.find/</findElements<@chrome://marionette/content/element.js:256:17
evalFn@chrome://marionette/content/wait.js:70:7

*************************
Marionette threw an error: [Exception... "Component returned failure code: 0x80070057 (NS_ERROR_ILLEGAL_VALUE) [nsIMessageSender.sendAsyncMessage]"  nsresult: "0x80070057 (NS_ERROR_ILLEGAL_VALUE)"  location: "JS frame :: chrome://marionette/content/proxy.js :: sendReply_ :: line 195"  data: no]
sendReply_@chrome://marionette/content/proxy.js:195:5
reply@chrome://marionette/content/proxy.js:175:7
sendToServer@chrome://marionette/content/listener.js:616:3
sendError@chrome://marionette/content/listener.js:650:3
dispatch/</<@chrome://marionette/content/listener.js:379:40
process@resource://gre/modules/Promise.jsm -> resource://gre/modules/Promise-backend.js:920:21
walkerLoop@resource://gre/modules/Promise.jsm -> resource://gre/modules/Promise-backend.js:801:7
scheduleWalkerLoop/<@resource://gre/modules/Promise.jsm -> resource://gre/modules/Promise-backend.js:737:11

1493116698801	geckodriver	INFO	Listening on 127.0.0.1:41137
1493116700774	mozprofile::profile	INFO	Using profile path C:\Users\blinov\AppData\Local\Temp\rust_mozprofile.bnKtRpqwOfPN
1493116700779	geckodriver::marionette	INFO	Starting browser C:\Program Files (x86)\Mozilla Firefox\firefox.exe
1493116700790	geckodriver::marionette	INFO	Connecting to Marionette on localhost:41143
1493116710013	Marionette	INFO	Listening on port 41143
1493116710567	Marionette	WARN	Using deprecated data structure for setting timeouts
[Child 5420] WARNING: pipe error: 109: file c:/builds/moz2_slave/m-rel-w32-00000000000000000000/build/src/ipc/chromium/src/chrome/common/ipc_channel_win.cc, line 346
[Child 5420] WARNING: pipe error: 109: file c:/builds/moz2_slave/m-rel-w32-00000000000000000000/build/src/ipc/chromium/src/chrome/common/ipc_channel_win.cc, line 346
